2018-11-24T12:40:16+00:00 CRITICAL syntax error, unexpected 'echo' (T_ECHO) in C:\xampp\htdocs\RotekitaArtDev\RotekitaArt\wp-content\themes\astra-child\functions.php on line 36

2018-11-24T12:40:18+00:00 CRITICAL syntax error, unexpected 'echo' (T_ECHO) in C:\xampp\htdocs\RotekitaArtDev\RotekitaArt\wp-content\themes\astra-child\functions.php on line 36

2018-11-24T12:41:18+00:00 CRITICAL syntax error, unexpected 'echo' (T_ECHO) in C:\xampp\htdocs\RotekitaArtDev\RotekitaArt\wp-content\themes\astra-child\functions.php on line 36

2018-11-24T18:13:08+00:00 CRITICAL syntax error, unexpected 'echo' (T_ECHO) in C:\xampp\htdocs\RotekitaArtDev\RotekitaArt\wp-content\themes\astra-child\functions.php on line 55

2018-11-24T18:13:17+00:00 CRITICAL syntax error, unexpected 'echo' (T_ECHO) in C:\xampp\htdocs\RotekitaArtDev\RotekitaArt\wp-content\themes\astra-child\functions.php on line 55

2018-11-24T18:13:24+00:00 CRITICAL syntax error, unexpected 'echo' (T_ECHO) in C:\xampp\htdocs\RotekitaArtDev\RotekitaArt\wp-content\themes\astra-child\functions.php on line 55

2018-11-24T18:13:26+00:00 CRITICAL syntax error, unexpected 'echo' (T_ECHO) in C:\xampp\htdocs\RotekitaArtDev\RotekitaArt\wp-content\themes\astra-child\functions.php on line 55

2018-11-24T18:13:31+00:00 CRITICAL syntax error, unexpected 'echo' (T_ECHO) in C:\xampp\htdocs\RotekitaArtDev\RotekitaArt\wp-content\themes\astra-child\functions.php on line 55

2018-11-24T18:58:23+00:00 CRITICAL syntax error, unexpected '"' in C:\xampp\htdocs\RotekitaArtDev\RotekitaArt\wp-content\themes\astra-child\functions.php on line 57

2018-11-24T18:58:52+00:00 CRITICAL syntax error, unexpected '"' in C:\xampp\htdocs\RotekitaArtDev\RotekitaArt\wp-content\themes\astra-child\functions.php on line 57

2018-11-24T18:59:01+00:00 CRITICAL syntax error, unexpected '""' (T_CONSTANT_ENCAPSED_STRING) in C:\xampp\htdocs\RotekitaArtDev\RotekitaArt\wp-content\themes\astra-child\functions.php on line 57

2018-11-24T18:59:23+00:00 CRITICAL syntax error, unexpected '""' (T_CONSTANT_ENCAPSED_STRING) in C:\xampp\htdocs\RotekitaArtDev\RotekitaArt\wp-content\themes\astra-child\functions.php on line 57

2018-11-24T19:00:13+00:00 CRITICAL syntax error, unexpected '""' (T_CONSTANT_ENCAPSED_STRING) in C:\xampp\htdocs\RotekitaArtDev\RotekitaArt\wp-content\themes\astra-child\functions.php on line 57

2018-11-24T19:00:52+00:00 CRITICAL syntax error, unexpected '""' (T_CONSTANT_ENCAPSED_STRING) in C:\xampp\htdocs\RotekitaArtDev\RotekitaArt\wp-content\themes\astra-child\functions.php on line 57

2018-11-24T19:01:23+00:00 CRITICAL syntax error, unexpected '""' (T_CONSTANT_ENCAPSED_STRING) in C:\xampp\htdocs\RotekitaArtDev\RotekitaArt\wp-content\themes\astra-child\functions.php on line 57

2018-11-24T22:07:56+00:00 CRITICAL Uncaught Error: Call to a member function is_editable_by_current_user() on boolean in C:\xampp\htdocs\RotekitaArtDev\RotekitaArt\wp-content\plugins\elementor\includes\managers\widgets.php:287
Stack trace:
#0 [internal function]: Elementor\Widgets_Manager->ajax_render_widget(Array, Object(Elementor\Core\Common\Modules\Ajax\Module))
#1 C:\xampp\htdocs\RotekitaArtDev\RotekitaArt\wp-content\plugins\elementor\core\common\modules\ajax\module.php(171): call_user_func(Array, Array, Object(Elementor\Core\Common\Modules\Ajax\Module))
#2 C:\xampp\htdocs\RotekitaArtDev\RotekitaArt\wp-includes\class-wp-hook.php(286): Elementor\Core\Common\Modules\Ajax\Module->handle_ajax_request('')
#3 C:\xampp\htdocs\RotekitaArtDev\RotekitaArt\wp-includes\class-wp-hook.php(310): WP_Hook->apply_filters('', Array)
#4 C:\xampp\htdocs\RotekitaArtDev\RotekitaArt\wp-includes\plugin.php(453): WP_Hook->do_action(Array)
#5 C:\xampp\htdocs\RotekitaArtDev\RotekitaArt\wp-admin\admin-ajax.php(100): do_action('wp_ajax_element...')
#6 {main}
  thrown in C:\xampp\htdocs\RotekitaArtDev\RotekitaArt\wp-content\plugins\elementor\includes\managers\widgets.php on line 287

